This file contains any messages produced by compilers while
running configure, to aid debugging if configure makes a mistake.

It was created by configure, which was
generated by GNU Autoconf 2.57.  Invocation command line was

  $ ./configure --no-create --no-recursion

## --------- ##
## Platform. ##
## --------- ##

hostname = localhost
uname -m = aarch64
uname -r = 5.10.226-android12-9-00064-gea4a6f067d3f-ab12969919
uname -s = Linux
uname -v = #1 SMP PREEMPT Fri Jan 24 18:48:47 UTC 2025

/usr/bin/uname -p = unknown
/bin/uname -X     = unknown

/bin/arch              = unknown
/usr/bin/arch -k       = unknown
/usr/convex/getsysinfo = unknown
hostinfo               = unknown
/bin/machine           = unknown
/usr/bin/oslevel       = unknown
/bin/universe          = unknown

PATH: /data/data/com.termux/files/usr/bin
PATH: /product/bin
PATH: /apex/com.android.runtime/bin
PATH: /apex/com.android.art/bin
PATH: /system_ext/bin
PATH: /system/bin
PATH: /system/xbin
PATH: /odm/bin
PATH: /vendor/bin
PATH: /vendor/xbin
PATH: /data/data/com.termux/files/home/.local/bin
PATH: /data/data/com.termux/files/home/.local/bin
PATH: /data/data/com.termux/files/home/.local/bin


## ----------- ##
## Core tests. ##
## ----------- ##

configure:1345: checking for a BSD-compatible install
configure:1399: result: /data/data/com.termux/files/usr/bin/install -c
configure:1410: checking whether build environment is sane
configure:1453: result: yes
configure:1468: checking whether make sets $(MAKE)
configure:1488: result: yes
configure:1520: checking for working aclocal
configure:1531: result: missing
configure:1535: checking for working autoconf
configure:1546: result: missing
configure:1550: checking for working automake
configure:1561: result: missing
configure:1565: checking for working autoheader
configure:1576: result: missing
configure:1580: checking for working makeinfo
configure:1591: result: missing
configure:1601: checking whether to enable maintainer-specific portions of Makefiles
configure:1610: result: no
configure:1777: checking for gcc
configure:1793: found /data/data/com.termux/files/usr/bin/gcc
configure:1803: result: gcc
configure:2047: checking for C compiler version
configure:2050: gcc --version </dev/null >&5
clang version 21.1.8
Target: aarch64-unknown-linux-android30
Thread model: posix
InstalledDir: /data/data/com.termux/files/usr/bin
configure:2053: $? = 0
configure:2055: gcc -v </dev/null >&5
clang version 21.1.8
Target: aarch64-unknown-linux-android30
Thread model: posix
InstalledDir: /data/data/com.termux/files/usr/bin
configure:2058: $? = 0
configure:2060: gcc -V </dev/null >&5
gcc: error: argument to '-V' is missing (expected 1 value)
gcc: error: no input files
configure:2063: $? = 1
configure:2087: checking for C compiler default output
configure:2090: gcc    conftest.c  >&5
configure:2093: $? = 0
configure:2139: result: a.out
configure:2144: checking whether the C compiler works
configure:2150: ./a.out
configure:2153: $? = 0
configure:2170: result: yes
configure:2177: checking whether we are cross compiling
configure:2179: result: no
configure:2182: checking for suffix of executables
configure:2184: gcc -o conftest    conftest.c  >&5
configure:2187: $? = 0
configure:2212: result: 
configure:2218: checking for suffix of object files
configure:2240: gcc -c   conftest.c >&5
configure:2243: $? = 0
configure:2265: result: o
configure:2269: checking whether we are using the GNU C compiler
configure:2294: gcc -c   conftest.c >&5
configure:2297: $? = 0
configure:2300: test -s conftest.o
configure:2303: $? = 0
configure:2316: result: yes
configure:2322: checking whether gcc accepts -g
configure:2344: gcc -c -g  conftest.c >&5
configure:2347: $? = 0
configure:2350: test -s conftest.o
configure:2353: $? = 0
configure:2364: result: yes
configure:2381: checking for gcc option to accept ANSI C
configure:2442: gcc  -c -g -O2  conftest.c >&5
configure:2406:14: warning: a function definition without a prototype is deprecated in all versions of C and is not supported in C23 [-Wdeprecated-non-prototype]
 2406 | static char *e (p, i)
      |              ^
1 warning generated.
configure:2445: $? = 0
configure:2448: test -s conftest.o
configure:2451: $? = 0
configure:2469: result: none needed
configure:2487: gcc -c -g -O2  conftest.c >&5
conftest.c:2:3: error: unknown type name 'choke'
    2 |   choke me
      |   ^
conftest.c:2:11: error: expected ';' after top level declarator
    2 |   choke me
      |           ^
      |           ;
2 errors generated.
configure:2490: $? = 1
configure: failed program was:
| #ifndef __cplusplus
|   choke me
| #endif
configure:2604: checking how to run the C preprocessor
configure:2640: gcc -E  conftest.c
configure:2646: $? = 0
configure:2678: gcc -E  conftest.c
configure:2680:10: fatal error: 'ac_nonexistent.h' file not found
 2680 | #include <ac_nonexistent.h>
      |          ^~~~~~~~~~~~~~~~~~
1 error generated.
configure:2684: $? = 1
configure: failed program was:
| #line 2669 "configure"
| /* confdefs.h.  */
| 
| #define PACKAGE_NAME ""
| #define PACKAGE_TARNAME ""
| #define PACKAGE_VERSION ""
| #define PACKAGE_STRING ""
| #define PACKAGE_BUGREPORT ""
| #define PACKAGE "qvwm"
| #define VERSION "1.1.12"
| #define ALLOW_RMTCMD 1
| /* end confdefs.h.  */
| #include <ac_nonexistent.h>
configure:2722: result: gcc -E
configure:2747: gcc -E  conftest.c
configure:2753: $? = 0
configure:2785: gcc -E  conftest.c
configure:2787:10: fatal error: 'ac_nonexistent.h' file not found
 2787 | #include <ac_nonexistent.h>
      |          ^~~~~~~~~~~~~~~~~~
1 error generated.
configure:2791: $? = 1
configure: failed program was:
| #line 2776 "configure"
| /* confdefs.h.  */
| 
| #define PACKAGE_NAME ""
| #define PACKAGE_TARNAME ""
| #define PACKAGE_VERSION ""
| #define PACKAGE_STRING ""
| #define PACKAGE_BUGREPORT ""
| #define PACKAGE "qvwm"
| #define VERSION "1.1.12"
| #define ALLOW_RMTCMD 1
| /* end confdefs.h.  */
| #include <ac_nonexistent.h>
configure:2885: checking for g++
configure:2901: found /data/data/com.termux/files/usr/bin/g++
configure:2911: result: g++
configure:2927: checking for C++ compiler version
configure:2930: g++ --version </dev/null >&5
clang version 21.1.8
Target: aarch64-unknown-linux-android30
Thread model: posix
InstalledDir: /data/data/com.termux/files/usr/bin
configure:2933: $? = 0
configure:2935: g++ -v </dev/null >&5
clang version 21.1.8
Target: aarch64-unknown-linux-android30
Thread model: posix
InstalledDir: /data/data/com.termux/files/usr/bin
configure:2938: $? = 0
configure:2940: g++ -V </dev/null >&5
g++: error: argument to '-V' is missing (expected 1 value)
g++: error: no input files
configure:2943: $? = 1
configure:2946: checking whether we are using the GNU C++ compiler
configure:2971: g++ -c   conftest.cc >&5
configure:2974: $? = 0
configure:2977: test -s conftest.o
configure:2980: $? = 0
configure:2993: result: yes
configure:2999: checking whether g++ accepts -g
configure:3021: g++ -c -g  conftest.cc >&5
configure:3024: $? = 0
configure:3027: test -s conftest.o
configure:3030: $? = 0
configure:3041: result: yes
configure:3085: g++ -c -g -O2  conftest.cc >&5
configure:3088: $? = 0
configure:3091: test -s conftest.o
configure:3094: $? = 0
configure:3121: g++ -c -g -O2  conftest.cc >&5
configure:3119:1: error: use of undeclared identifier 'exit'
 3119 | exit (42);
      | ^~~~
1 error generated.
configure:3124: $? = 1
configure: failed program was:
| #line 3104 "configure"
| /* confdefs.h.  */
| 
| #define PACKAGE_NAME ""
| #define PACKAGE_TARNAME ""
| #define PACKAGE_VERSION ""
| #define PACKAGE_STRING ""
| #define PACKAGE_BUGREPORT ""
| #define PACKAGE "qvwm"
| #define VERSION "1.1.12"
| #define ALLOW_RMTCMD 1
| /* end confdefs.h.  */
| 
| int
| main ()
| {
| exit (42);
|   ;
|   return 0;
| }
configure:3085: g++ -c -g -O2  conftest.cc >&5
configure:3088: $? = 0
configure:3091: test -s conftest.o
configure:3094: $? = 0
configure:3121: g++ -c -g -O2  conftest.cc >&5
configure:3124: $? = 0
configure:3127: test -s conftest.o
configure:3130: $? = 0
configure:3157: checking for bison
configure:3186: result: no
configure:3157: checking for byacc
configure:3186: result: no
configure:3200: checking for flex
configure:3216: found /data/data/com.termux/files/usr/bin/flex
configure:3226: result: flex
configure:3241: checking for flex
configure:3267: result: flex
configure:3280: checking for yywrap in -lfl
configure:3311: gcc -o conftest -g -O2   conftest.c -lfl   >&5
configure:3314: $? = 0
configure:3317: test -s conftest
configure:3320: $? = 0
configure:3332: result: yes
configure:3400: checking lex output file root
configure:3411: flex conftest.l
configure:3414: $? = 0
configure:3426: result: lex.yy
configure:3431: checking whether yytext is a pointer
configure:3447: gcc -o conftest -g -O2   conftest.c  -lfl >&5
configure:3450: $? = 0
configure:3453: test -s conftest
configure:3456: $? = 0
configure:3469: result: yes
configure:3493: checking for a BSD-compatible install
configure:3547: result: /data/data/com.termux/files/usr/bin/install -c
configure:3558: checking whether ln -s works
configure:3562: result: yes
configure:3569: checking whether make sets $(MAKE)
configure:3589: result: yes
configure:3601: checking for rm
configure:3619: found /data/data/com.termux/files/usr/bin/rm
configure:3631: result: /data/data/com.termux/files/usr/bin/rm
configure:3640: checking for X
configure:3746: gcc -E  conftest.c
In file included from configure:3752:
In file included from /data/data/com.termux/files/usr/bin/../../usr/include/X11/Intrinsic.h:53:
/data/data/com.termux/files/usr/bin/../../usr/include/X11/Xlib.h:44:10: fatal error: 'X11/X.h' file not found
   44 | #include <X11/X.h>
      |          ^~~~~~~~~
1 error generated.
configure:3752: $? = 1
configure: failed program was:
| #line 3737 "configure"
| /* confdefs.h.  */
| 
| #define PACKAGE_NAME ""
| #define PACKAGE_TARNAME ""
| #define PACKAGE_VERSION ""
| #define PACKAGE_STRING ""
| #define PACKAGE_BUGREPORT ""
| #define PACKAGE "qvwm"
| #define VERSION "1.1.12"
| #define ALLOW_RMTCMD 1
| #ifdef __cplusplus
| #include <stdlib.h>
| #endif
| #define YYTEXT_POINTER 1
| /* end confdefs.h.  */
| #include <X11/Intrinsic.h>
configure:3802: gcc -o conftest -g -O2   conftest.c -lXt  >&5
In file included from configure:3800:
In file included from /data/data/com.termux/files/usr/bin/../../usr/include/X11/Intrinsic.h:53:
/data/data/com.termux/files/usr/bin/../../usr/include/X11/Xlib.h:44:10: fatal error: 'X11/X.h' file not found
   44 | #include <X11/X.h>
      |          ^~~~~~~~~
1 error generated.
configure:3805: $? = 1
configure: failed program was:
| #line 3785 "configure"
| /* confdefs.h.  */
| 
| #define PACKAGE_NAME ""
| #define PACKAGE_TARNAME ""
| #define PACKAGE_VERSION ""
| #define PACKAGE_STRING ""
| #define PACKAGE_BUGREPORT ""
| #define PACKAGE "qvwm"
| #define VERSION "1.1.12"
| #define ALLOW_RMTCMD 1
| #ifdef __cplusplus
| #include <stdlib.h>
| #endif
| #define YYTEXT_POINTER 1
| /* end confdefs.h.  */
| #include <X11/Intrinsic.h>
| int
| main ()
| {
| XtMalloc (0)
|   ;
|   return 0;
| }
configure:3850: result: no
configure:4839: checking for XOpenDisplay in -lX11
configure:4870: gcc -o conftest -g -O2     conftest.c -lX11     >&5
configure:4873: $? = 0
configure:4876: test -s conftest
configure:4879: $? = 0
configure:4891: result: yes
configure:4902: checking for XShapeCombineMask in -lXext
configure:4933: gcc -o conftest -g -O2     conftest.c -lXext  -lX11    >&5
configure:4936: $? = 0
configure:4939: test -s conftest
configure:4942: $? = 0
configure:4954: result: yes
configure:4968: checking for SmcOpenConnection in -lSM
configure:4999: gcc -o conftest -g -O2     conftest.c -lSM  -lXext -lX11    >&5
configure:5002: $? = 0
configure:5005: test -s conftest
configure:5008: $? = 0
configure:5020: result: yes
configure:5083: checking for imlib-config
configure:5114: result: no
configure:5122: checking for IMLIB - version >= 1.8.2
configure:5246: result: no
configure:5322: WARNING: "Imlib not used"
configure:5336: checking for XpmReadFileToPixmap in -lXpm
configure:5367: gcc -o conftest -g -O2     conftest.c -lXpm  -lXext -lX11    >&5
configure:5370: $? = 0
configure:5373: test -s conftest
configure:5376: $? = 0
configure:5388: result: yes
configure:5405: checking for XScreenSaverQueryExtension in -lXss
configure:5436: gcc -o conftest -g -O2     conftest.c -lXss  -lXpm -lXext -lX11    >&5
ld.lld: error: unable to find library -lXss
gcc: error: linker command failed with exit code 1 (use -v to see invocation)
configure:5439: $? = 1
configure: failed program was:
| #line 5412 "configure"
| /* confdefs.h.  */
| 
| #define PACKAGE_NAME ""
| #define PACKAGE_TARNAME ""
| #define PACKAGE_VERSION ""
| #define PACKAGE_STRING ""
| #define PACKAGE_BUGREPORT ""
| #define PACKAGE "qvwm"
| #define VERSION "1.1.12"
| #define ALLOW_RMTCMD 1
| #ifdef __cplusplus
| #include <stdlib.h>
| #endif
| #define YYTEXT_POINTER 1
| #define X_DISPLAY_MISSING 1
| #define USE_SHAPE 1
| #define USE_XSMP 1
| #define USE_SS 1
| /* end confdefs.h.  */
| 
| /* Override any gcc2 internal prototype to avoid an error.  */
| #ifdef __cplusplus
| extern "C"
| #endif
| /* We use char because int might match the return type of a gcc2
|    builtin and then its argument prototype would still apply.  */
| char XScreenSaverQueryExtension ();
| int
| main ()
| {
| XScreenSaverQueryExtension ();
|   ;
|   return 0;
| }
configure:5457: result: no
configure:5465: WARNING: "Screen saver extention not used"
configure:5825: checking for snd_cards in -lasound
configure:5856: gcc -o conftest -g -O2     conftest.c -lasound   -lXpm -lXext -lX11    >&5
ld.lld: error: undefined symbol: snd_cards
>>> referenced by configure:5862
>>>               /data/data/com.termux/files/usr/tmp/conftest-39a870.o:(main)
gcc: error: linker command failed with exit code 1 (use -v to see invocation)
configure:5859: $? = 1
configure: failed program was:
| #line 5832 "configure"
| /* confdefs.h.  */
| 
| #define PACKAGE_NAME ""
| #define PACKAGE_TARNAME ""
| #define PACKAGE_VERSION ""
| #define PACKAGE_STRING ""
| #define PACKAGE_BUGREPORT ""
| #define PACKAGE "qvwm"
| #define VERSION "1.1.12"
| #define ALLOW_RMTCMD 1
| #ifdef __cplusplus
| #include <stdlib.h>
| #endif
| #define YYTEXT_POINTER 1
| #define X_DISPLAY_MISSING 1
| #define USE_SHAPE 1
| #define USE_XSMP 1
| #define USE_SS 1
| /* end confdefs.h.  */
| 
| /* Override any gcc2 internal prototype to avoid an error.  */
| #ifdef __cplusplus
| extern "C"
| #endif
| /* We use char because int might match the return type of a gcc2
|    builtin and then its argument prototype would still apply.  */
| char snd_cards ();
| int
| main ()
| {
| snd_cards ();
|   ;
|   return 0;
| }
configure:5877: result: no
configure:5886: WARNING: "ALSA not used"
configure:5932: checking for esd-config
configure:5963: result: no
configure:5971: checking for ESD - version >= 0.2.6
configure:6094: result: no
configure:6164: WARNING: "Esd not used"
configure:6173: checking for _Xsetlocale in -lX11
configure:6204: gcc -o conftest -g -O2     conftest.c -lX11   -lXpm -lXext -lX11    >&5
ld.lld: error: undefined symbol: _Xsetlocale
>>> referenced by configure:6210
>>>               /data/data/com.termux/files/usr/tmp/conftest-fcab53.o:(main)
gcc: error: linker command failed with exit code 1 (use -v to see invocation)
configure:6207: $? = 1
configure: failed program was:
| #line 6180 "configure"
| /* confdefs.h.  */
| 
| #define PACKAGE_NAME ""
| #define PACKAGE_TARNAME ""
| #define PACKAGE_VERSION ""
| #define PACKAGE_STRING ""
| #define PACKAGE_BUGREPORT ""
| #define PACKAGE "qvwm"
| #define VERSION "1.1.12"
| #define ALLOW_RMTCMD 1
| #ifdef __cplusplus
| #include <stdlib.h>
| #endif
| #define YYTEXT_POINTER 1
| #define X_DISPLAY_MISSING 1
| #define USE_SHAPE 1
| #define USE_XSMP 1
| #define USE_SS 1
| /* end confdefs.h.  */
| 
| /* Override any gcc2 internal prototype to avoid an error.  */
| #ifdef __cplusplus
| extern "C"
| #endif
| /* We use char because int might match the return type of a gcc2
|    builtin and then its argument prototype would still apply.  */
| char _Xsetlocale ();
| int
| main ()
| {
| _Xsetlocale ();
|   ;
|   return 0;
| }
configure:6225: result: no
configure:6234: checking for setlocale in -lxpg4
configure:6265: gcc -o conftest -g -O2     conftest.c -lxpg4   -lXpm -lXext -lX11    >&5
ld.lld: error: unable to find library -lxpg4
gcc: error: linker command failed with exit code 1 (use -v to see invocation)
configure:6268: $? = 1
configure: failed program was:
| #line 6241 "configure"
| /* confdefs.h.  */
| 
| #define PACKAGE_NAME ""
| #define PACKAGE_TARNAME ""
| #define PACKAGE_VERSION ""
| #define PACKAGE_STRING ""
| #define PACKAGE_BUGREPORT ""
| #define PACKAGE "qvwm"
| #define VERSION "1.1.12"
| #define ALLOW_RMTCMD 1
| #ifdef __cplusplus
| #include <stdlib.h>
| #endif
| #define YYTEXT_POINTER 1
| #define X_DISPLAY_MISSING 1
| #define USE_SHAPE 1
| #define USE_XSMP 1
| #define USE_SS 1
| /* end confdefs.h.  */
| 
| /* Override any gcc2 internal prototype to avoid an error.  */
| #ifdef __cplusplus
| extern "C"
| #endif
| /* We use char because int might match the return type of a gcc2
|    builtin and then its argument prototype would still apply.  */
| char setlocale ();
| int
| main ()
| {
| setlocale ();
|   ;
|   return 0;
| }
configure:6286: result: no
configure:6293: checking for egrep
configure:6303: result: grep -E
configure:6308: checking for ANSI C header files
configure:6334: gcc -c -g -O2    conftest.c >&5
configure:6337: $? = 0
configure:6340: test -s conftest.o
configure:6343: $? = 0
configure:6435: gcc -o conftest -g -O2     conftest.c  -lXpm -lXext -lX11    >&5
configure:6439:7: error: call to undeclared library function 'exit' with type 'void (int) __attribute__((noreturn))'; ISO C99 and later do not support implicit function declarations [-Wimplicit-function-declaration]
 6439 |       exit(2);
      |       ^
configure:6439:7: note: include the header <stdlib.h> or explicitly provide a declaration for 'exit'
1 error generated.
configure:6438: $? = 1
configure: program exited with status 1
configure: failed program was:
| #line 6403 "configure"
| /* confdefs.h.  */
| 
| #define PACKAGE_NAME ""
| #define PACKAGE_TARNAME ""
| #define PACKAGE_VERSION ""
| #define PACKAGE_STRING ""
| #define PACKAGE_BUGREPORT ""
| #define PACKAGE "qvwm"
| #define VERSION "1.1.12"
| #define ALLOW_RMTCMD 1
| #ifdef __cplusplus
| #include <stdlib.h>
| #endif
| #define YYTEXT_POINTER 1
| #define X_DISPLAY_MISSING 1
| #define USE_SHAPE 1
| #define USE_XSMP 1
| #define USE_SS 1
| /* end confdefs.h.  */
| #include <ctype.h>
| #if ((' ' & 0x0FF) == 0x020)
| # define ISLOWER(c) ('a' <= (c) && (c) <= 'z')
| # define TOUPPER(c) (ISLOWER(c) ? 'A' + ((c) - 'a') : (c))
| #else
| # define ISLOWER(c)                    (('a' <= (c) && (c) <= 'i')                      || ('j' <= (c) && (c) <= 'r')                      || ('s' <= (c) && (c) <= 'z'))
| # define TOUPPER(c) (ISLOWER(c) ? ((c) | 0x40) : (c))
| #endif
| 
| #define XOR(e, f) (((e) && !(f)) || (!(e) && (f)))
| int
| main ()
| {
|   int i;
|   for (i = 0; i < 256; i++)
|     if (XOR (islower (i), ISLOWER (i))
|         || toupper (i) != TOUPPER (i))
|       exit(2);
|   exit (0);
| }
configure:6458: result: no
configure:6482: checking for sys/types.h
configure:6499: gcc -c -g -O2    conftest.c >&5
configure:6502: $? = 0
configure:6505: test -s conftest.o
configure:6508: $? = 0
configure:6519: result: yes
configure:6482: checking for sys/stat.h
configure:6499: gcc -c -g -O2    conftest.c >&5
configure:6502: $? = 0
configure:6505: test -s conftest.o
configure:6508: $? = 0
configure:6519: result: yes
configure:6482: checking for stdlib.h
configure:6499: gcc -c -g -O2    conftest.c >&5
configure:6502: $? = 0
configure:6505: test -s conftest.o
configure:6508: $? = 0
configure:6519: result: yes
configure:6482: checking for string.h
configure:6499: gcc -c -g -O2    conftest.c >&5
configure:6502: $? = 0
configure:6505: test -s conftest.o
configure:6508: $? = 0
configure:6519: result: yes
configure:6482: checking for memory.h
configure:6499: gcc -c -g -O2    conftest.c >&5
configure:6502: $? = 0
configure:6505: test -s conftest.o
configure:6508: $? = 0
configure:6519: result: yes
configure:6482: checking for strings.h
configure:6499: gcc -c -g -O2    conftest.c >&5
configure:6502: $? = 0
configure:6505: test -s conftest.o
configure:6508: $? = 0
configure:6519: result: yes
configure:6482: checking for inttypes.h
configure:6499: gcc -c -g -O2    conftest.c >&5
configure:6502: $? = 0
configure:6505: test -s conftest.o
configure:6508: $? = 0
configure:6519: result: yes
configure:6482: checking for stdint.h
configure:6499: gcc -c -g -O2    conftest.c >&5
configure:6502: $? = 0
configure:6505: test -s conftest.o
configure:6508: $? = 0
configure:6519: result: yes
configure:6482: checking for unistd.h
configure:6499: gcc -c -g -O2    conftest.c >&5
configure:6502: $? = 0
configure:6505: test -s conftest.o
configure:6508: $? = 0
configure:6519: result: yes
configure:6531: checking for pid_t
configure:6556: gcc -c -g -O2    conftest.c >&5
configure:6559: $? = 0
configure:6562: test -s conftest.o
configure:6565: $? = 0
configure:6576: result: yes
configure:6588: checking for size_t
configure:6613: gcc -c -g -O2    conftest.c >&5
configure:6616: $? = 0
configure:6619: test -s conftest.o
configure:6622: $? = 0
configure:6633: result: yes
configure:6648: checking if gcc version is >= 2.95
configure:6683: g++ -o conftest -g -O2     conftest.cc  -lXpm -lXext -lX11    >&5
configure:6686: $? = 0
configure:6688: ./conftest
configure:6691: $? = 0
configure:6711: result: yes
configure:6725: checking for unistd.h
configure:6730: result: yes
configure:6734: checking vfork.h usability
configure:6747: gcc -c -g -O2   -fpermissive  conftest.c >&5
configure:6799:10: fatal error: 'vfork.h' file not found
 6799 | #include <vfork.h>
      |          ^~~~~~~~~
1 error generated.
configure:6750: $? = 1
configure: failed program was:
| #line 6736 "configure"
| /* confdefs.h.  */
| 
| #define PACKAGE_NAME ""
| #define PACKAGE_TARNAME ""
| #define PACKAGE_VERSION ""
| #define PACKAGE_STRING ""
| #define PACKAGE_BUGREPORT ""
| #define PACKAGE "qvwm"
| #define VERSION "1.1.12"
| #define ALLOW_RMTCMD 1
| #ifdef __cplusplus
| #include <stdlib.h>
| #endif
| #define YYTEXT_POINTER 1
| #define X_DISPLAY_MISSING 1
| #define USE_SHAPE 1
| #define USE_XSMP 1
| #define USE_SS 1
| #define HAVE_SYS_TYPES_H 1
| #define HAVE_SYS_STAT_H 1
| #define HAVE_STDLIB_H 1
| #define HAVE_STRING_H 1
| #define HAVE_MEMORY_H 1
| #define HAVE_STRINGS_H 1
| #define HAVE_INTTYPES_H 1
| #define HAVE_STDINT_H 1
| #define HAVE_UNISTD_H 1
| #define HAVE_UNISTD_H 1
| /* end confdefs.h.  */
| #include <stdio.h>
| #if HAVE_SYS_TYPES_H
| # include <sys/types.h>
| #endif
| #if HAVE_SYS_STAT_H
| # include <sys/stat.h>
| #endif
| #if STDC_HEADERS
| # include <stdlib.h>
| # include <stddef.h>
| #else
| # if HAVE_STDLIB_H
| #  include <stdlib.h>
| # endif
| #endif
| #if HAVE_STRING_H
| # if !STDC_HEADERS && HAVE_MEMORY_H
| #  include <memory.h>
| # endif
| # include <string.h>
| #endif
| #if HAVE_STRINGS_H
| # include <strings.h>
| #endif
| #if HAVE_INTTYPES_H
| # include <inttypes.h>
| #else
| # if HAVE_STDINT_H
| #  include <stdint.h>
| # endif
| #endif
| #if HAVE_UNISTD_H
| # include <unistd.h>
| #endif
| #include <vfork.h>
configure:6766: result: no
configure:6770: checking vfork.h presence
configure:6781: gcc -E  conftest.c
configure:6801:10: fatal error: 'vfork.h' file not found
 6801 | #include <vfork.h>
      |          ^~~~~~~~~
1 error generated.
configure:6787: $? = 1
configure: failed program was:
| #line 6772 "configure"
| /* confdefs.h.  */
| 
| #define PACKAGE_NAME ""
| #define PACKAGE_TARNAME ""
| #define PACKAGE_VERSION ""
| #define PACKAGE_STRING ""
| #define PACKAGE_BUGREPORT ""
| #define PACKAGE "qvwm"
| #define VERSION "1.1.12"
| #define ALLOW_RMTCMD 1
| #ifdef __cplusplus
| #include <stdlib.h>
| #endif
| #define YYTEXT_POINTER 1
| #define X_DISPLAY_MISSING 1
| #define USE_SHAPE 1
| #define USE_XSMP 1
| #define USE_SS 1
| #define HAVE_SYS_TYPES_H 1
| #define HAVE_SYS_STAT_H 1
| #define HAVE_STDLIB_H 1
| #define HAVE_STRING_H 1
| #define HAVE_MEMORY_H 1
| #define HAVE_STRINGS_H 1
| #define HAVE_INTTYPES_H 1
| #define HAVE_STDINT_H 1
| #define HAVE_UNISTD_H 1
| #define HAVE_UNISTD_H 1
| /* end confdefs.h.  */
| #include <vfork.h>
configure:6806: result: no
configure:6842: checking for vfork.h
configure:6849: result: no
configure:6867: checking for fork
configure:6917: gcc -o conftest -g -O2   -fpermissive   conftest.c  -lXpm -lXext -lX11    >&5
configure:6920: $? = 0
configure:6923: test -s conftest
configure:6926: $? = 0
configure:6937: result: yes
configure:6867: checking for vfork
configure:6917: gcc -o conftest -g -O2   -fpermissive   conftest.c  -lXpm -lXext -lX11    >&5
configure:6918:6: warning: incompatible redeclaration of library function 'vfork' [-Wincompatible-library-redeclaration]
 6918 | char vfork ();
      |      ^
configure:6918:6: note: 'vfork' is a builtin with type 'int (void)'
1 warning generated.
configure:6920: $? = 0
configure:6923: test -s conftest
configure:6926: $? = 0
configure:6937: result: yes
configure:6948: checking for working fork
configure:6971: gcc -o conftest -g -O2   -fpermissive   conftest.c  -lXpm -lXext -lX11    >&5
conftest.c:9:13: error: call to undeclared function 'fork'; ISO C99 and later do not support implicit function declarations [-Wimplicit-function-declaration]
    9 |         if (fork() < 0)
      |             ^
conftest.c:10:11: error: call to undeclared library function 'exit' with type 'void (int) __attribute__((noreturn))'; ISO C99 and later do not support implicit function declarations [-Wimplicit-function-declaration]
   10 |           exit (1);
      |           ^
conftest.c:10:11: note: include the header <stdlib.h> or explicitly provide a declaration for 'exit'
2 errors generated.
configure:6974: $? = 1
configure: program exited with status 1
configure: failed program was:
| /* By Ruediger Kuhlmann. */
|       #include <sys/types.h>
|       #if HAVE_UNISTD_H
|       # include <unistd.h>
|       #endif
|       /* Some systems only have a dummy stub for fork() */
|       int main ()
|       {
|         if (fork() < 0)
|           exit (1);
|         exit (0);
|       }
configure:6993: result: no
configure:7014: checking for working vfork
configure:7148: result: yes
configure:7183: checking for vprintf
configure:7233: gcc -o conftest -g -O2   -fpermissive   conftest.c  -lXpm -lXext -lX11    >&5
configure:7236:6: warning: incompatible redeclaration of library function 'vprintf' [-Wincompatible-library-redeclaration]
 7236 | char vprintf ();
      |      ^
configure:7236:6: note: 'vprintf' is a builtin with type 'int (const char *restrict, __builtin_va_list)'
1 warning generated.
configure:7236: $? = 0
configure:7239: test -s conftest
configure:7242: $? = 0
configure:7253: result: yes
configure:7260: checking for _doprnt
configure:7310: gcc -o conftest -g -O2   -fpermissive   conftest.c  -lXpm -lXext -lX11    >&5
ld.lld: error: undefined symbol: _doprnt
>>> referenced by configure:7330
>>>               /data/data/com.termux/files/usr/tmp/conftest-560f61.o:(main)
>>> referenced by configure:7330
>>>               /data/data/com.termux/files/usr/tmp/conftest-560f61.o:(main)
>>> referenced by configure:7321
>>>               /data/data/com.termux/files/usr/tmp/conftest-560f61.o:(f)
gcc: error: linker command failed with exit code 1 (use -v to see invocation)
configure:7313: $? = 1
configure: failed program was:
| #line 7265 "configure"
| /* confdefs.h.  */
| 
| #define PACKAGE_NAME ""
| #define PACKAGE_TARNAME ""
| #define PACKAGE_VERSION ""
| #define PACKAGE_STRING ""
| #define PACKAGE_BUGREPORT ""
| #define PACKAGE "qvwm"
| #define VERSION "1.1.12"
| #define ALLOW_RMTCMD 1
| #ifdef __cplusplus
| #include <stdlib.h>
| #endif
| #define YYTEXT_POINTER 1
| #define X_DISPLAY_MISSING 1
| #define USE_SHAPE 1
| #define USE_XSMP 1
| #define USE_SS 1
| #define HAVE_SYS_TYPES_H 1
| #define HAVE_SYS_STAT_H 1
| #define HAVE_STDLIB_H 1
| #define HAVE_STRING_H 1
| #define HAVE_MEMORY_H 1
| #define HAVE_STRINGS_H 1
| #define HAVE_INTTYPES_H 1
| #define HAVE_STDINT_H 1
| #define HAVE_UNISTD_H 1
| #define HAVE_UNISTD_H 1
| #define HAVE_FORK 1
| #define HAVE_VFORK 1
| #define HAVE_WORKING_VFORK 1
| #define HAVE_VPRINTF 1
| /* end confdefs.h.  */
| /* System header to define __stub macros and hopefully few prototypes,
|     which can conflict with char _doprnt (); below.
|     Prefer <limits.h> to <assert.h> if __STDC__ is defined, since
|     <limits.h> exists even on freestanding compilers.  */
| #ifdef __STDC__
| # include <limits.h>
| #else
| # include <assert.h>
| #endif
| /* Override any gcc2 internal prototype to avoid an error.  */
| #ifdef __cplusplus
| extern "C"
| {
| #endif
| /* We use char because int might match the return type of a gcc2
|    builtin and then its argument prototype would still apply.  */
| char _doprnt ();
| /* The GNU C library defines this for functions which it implements
|     to always fail with ENOSYS.  Some functions are actually named
|     something starting with __ and the normal name is an alias.  */
| #if defined (__stub__doprnt) || defined (__stub____doprnt)
| choke me
| #else
| char (*f) () = _doprnt;
| #endif
| #ifdef __cplusplus
| }
| #endif
| 
| int
| main ()
| {
| return f != _doprnt;
|   ;
|   return 0;
| }
configure:7330: result: no
configure:7348: checking for usleep
configure:7398: gcc -o conftest -g -O2   -fpermissive   conftest.c  -lXpm -lXext -lX11    >&5
configure:7401: $? = 0
configure:7404: test -s conftest
configure:7407: $? = 0
configure:7418: result: yes
configure:7566: creating ./config.status

## ---------------- ##
## Cache variables. ##
## ---------------- ##

ac_cv_c_compiler_gnu=yes
ac_cv_cxx_compiler_gnu=yes
ac_cv_env_CC_set=
ac_cv_env_CC_value=
ac_cv_env_CFLAGS_set=
ac_cv_env_CFLAGS_value=
ac_cv_env_CPPFLAGS_set=
ac_cv_env_CPPFLAGS_value=
ac_cv_env_CPP_set=
ac_cv_env_CPP_value=
ac_cv_env_CXXFLAGS_set=
ac_cv_env_CXXFLAGS_value=
ac_cv_env_CXX_set=
ac_cv_env_CXX_value=
ac_cv_env_LDFLAGS_set=
ac_cv_env_LDFLAGS_value=
ac_cv_env_build_alias_set=
ac_cv_env_build_alias_value=
ac_cv_env_host_alias_set=
ac_cv_env_host_alias_value=
ac_cv_env_target_alias_set=
ac_cv_env_target_alias_value=
ac_cv_exeext=
ac_cv_func__doprnt=no
ac_cv_func_fork=yes
ac_cv_func_fork_works=no
ac_cv_func_usleep=yes
ac_cv_func_vfork=yes
ac_cv_func_vfork_works=yes
ac_cv_func_vprintf=yes
ac_cv_have_x=have_x=no
ac_cv_header_inttypes_h=yes
ac_cv_header_memory_h=yes
ac_cv_header_stdc=no
ac_cv_header_stdint_h=yes
ac_cv_header_stdlib_h=yes
ac_cv_header_string_h=yes
ac_cv_header_strings_h=yes
ac_cv_header_sys_stat_h=yes
ac_cv_header_sys_types_h=yes
ac_cv_header_unistd_h=yes
ac_cv_header_vfork_h=no
ac_cv_lib_SM_SmcOpenConnection=yes
ac_cv_lib_X11_XOpenDisplay=yes
ac_cv_lib_X11__Xsetlocale=no
ac_cv_lib_Xext_XShapeCombineMask=yes
ac_cv_lib_Xpm_XpmReadFileToPixmap=yes
ac_cv_lib_Xss_XScreenSaverQueryExtension=no
ac_cv_lib_asound_snd_cards=no
ac_cv_lib_fl_yywrap=yes
ac_cv_lib_xpg4_setlocale=no
ac_cv_objext=o
ac_cv_path_ESD_CONFIG=no
ac_cv_path_IMLIB_CONFIG=no
ac_cv_path_PATH_RM=/data/data/com.termux/files/usr/bin/rm
ac_cv_path_install='/data/data/com.termux/files/usr/bin/install -c'
ac_cv_prog_CPP='gcc -E'
ac_cv_prog_LEX=flex
ac_cv_prog_ac_ct_CC=gcc
ac_cv_prog_ac_ct_CXX=g++
ac_cv_prog_cc_g=yes
ac_cv_prog_cc_stdc=
ac_cv_prog_cxx_g=yes
ac_cv_prog_egrep='grep -E'
ac_cv_prog_lex_root=lex.yy
ac_cv_prog_lex_yytext_pointer=yes
ac_cv_prog_make_make_set=yes
ac_cv_type_pid_t=yes
ac_cv_type_size_t=yes
qvwm_cv_gcc_fpermissive=yes

## ----------------- ##
## Output variables. ##
## ----------------- ##

ACLOCAL='/data/data/com.termux/files/home/qvwm/missing aclocal'
AUTOCONF='/data/data/com.termux/files/home/qvwm/missing autoconf'
AUTOHEADER='/data/data/com.termux/files/home/qvwm/missing autoheader'
AUTOMAKE='/data/data/com.termux/files/home/qvwm/missing automake'
CC='gcc'
CFLAGS='-g -O2   -fpermissive'
CPP='gcc -E'
CPPFLAGS=''
CXX='g++'
CXXFLAGS='-g -O2   -fpermissive'
DEFS='-DHAVE_CONFIG_H'
ECHO_C=''
ECHO_N='-n'
ECHO_T=''
EGREP='grep -E'
ESD_CFLAGS=''
ESD_CONFIG='no'
ESD_LIBS=''
EXEEXT=''
IMGDIR='/usr/local/share/qvwm/images'
IMLIB_CFLAGS=''
IMLIB_CONFIG='no'
IMLIB_LIBS=''
INSTALL_DATA='${INSTALL} -m 644'
INSTALL_PROGRAM='${INSTALL}'
INSTALL_SCRIPT='${INSTALL}'
LDFLAGS=''
LEX='flex'
LEXLIB='-lfl'
LEX_OUTPUT_ROOT='lex.yy'
LIBOBJS=''
LIBS=' -lXpm -lXext -lX11   '
LN_S='ln -s'
LTLIBOBJS=''
MAINT='#'
MAINTAINER_MODE_FALSE=''
MAINTAINER_MODE_TRUE='#'
MAKEINFO='/data/data/com.termux/files/home/qvwm/missing makeinfo'
OBJEXT='o'
PACKAGE='qvwm'
PACKAGE_BUGREPORT=''
PACKAGE_NAME=''
PACKAGE_STRING=''
PACKAGE_TARNAME=''
PACKAGE_VERSION=''
PATH_RM='/data/data/com.termux/files/usr/bin/rm'
PATH_SEPARATOR=':'
QVWMDIR='/usr/local/share/qvwm'
SET_MAKE=''
SHELL='/bin/sh'
SNDDIR='/usr/local/share/qvwm/sounds'
VERSION='1.1.12'
X_CFLAGS=''
X_EXTRA_LIBS=''
X_LIBS='-lXpm -lXext -lX11 '
X_PRE_LIBS=''
YACC='yacc'
ac_ct_CC='gcc'
ac_ct_CXX='g++'
bindir='${exec_prefix}/bin'
build_alias=''
datadir='${prefix}/share'
exec_prefix='${prefix}'
host_alias=''
includedir='${prefix}/include'
infodir='${prefix}/info'
libdir='${exec_prefix}/lib'
libexecdir='${exec_prefix}/libexec'
localstatedir='${prefix}/var'
mandir='${prefix}/man'
oldincludedir='/usr/include'
prefix='/usr/local'
program_transform_name='s,x,x,'
sbindir='${exec_prefix}/sbin'
sharedstatedir='${prefix}/com'
sysconfdir='${prefix}/etc'
target_alias=''

## ----------- ##
## confdefs.h. ##
## ----------- ##

#define ALLOW_RMTCMD 1
#define HAVE_FORK 1
#define HAVE_INTTYPES_H 1
#define HAVE_MEMORY_H 1
#define HAVE_STDINT_H 1
#define HAVE_STDLIB_H 1
#define HAVE_STRINGS_H 1
#define HAVE_STRING_H 1
#define HAVE_SYS_STAT_H 1
#define HAVE_SYS_TYPES_H 1
#define HAVE_UNISTD_H 1
#define HAVE_UNISTD_H 1
#define HAVE_USLEEP 1
#define HAVE_VFORK 1
#define HAVE_VPRINTF 1
#define HAVE_WORKING_VFORK 1
#define PACKAGE "qvwm"
#define PACKAGE_BUGREPORT ""
#define PACKAGE_NAME ""
#define PACKAGE_STRING ""
#define PACKAGE_TARNAME ""
#define PACKAGE_VERSION ""
#define USE_SHAPE 1
#define USE_SS 1
#define USE_XSMP 1
#define VERSION "1.1.12"
#define X_DISPLAY_MISSING 1
#define YYTEXT_POINTER 1
#endif
#ifdef __cplusplus
#include <stdlib.h>

configure: exit 0

## ---------------------- ##
## Running config.status. ##
## ---------------------- ##

This file was extended by config.status, which was
generated by GNU Autoconf 2.57.  Invocation command line was

  CONFIG_FILES    = Makefile
  CONFIG_HEADERS  = 
  CONFIG_LINKS    = 
  CONFIG_COMMANDS = 
  $ ./config.status 

on localhost

config.status:681: creating Makefile
config.status:967: linking ./man/qvwm.man to man/qvwm.1x
config.status:1113: executing default-1 commands

## ---------------------- ##
## Running config.status. ##
## ---------------------- ##

This file was extended by config.status, which was
generated by GNU Autoconf 2.57.  Invocation command line was

  CONFIG_FILES    = 
  CONFIG_HEADERS  = config.h
  CONFIG_LINKS    = 
  CONFIG_COMMANDS = 
  $ ./config.status 

on localhost

config.status:785: creating config.h
config.status:967: linking ./man/qvwm.man to man/qvwm.1x
config.status:1113: executing default-1 commands

## ---------------------- ##
## Running config.status. ##
## ---------------------- ##

This file was extended by config.status, which was
generated by GNU Autoconf 2.57.  Invocation command line was

  CONFIG_FILES    = src/Makefile
  CONFIG_HEADERS  = 
  CONFIG_LINKS    = 
  CONFIG_COMMANDS = 
  $ ./config.status 

on localhost

config.status:681: creating src/Makefile
config.status:967: linking ./man/qvwm.man to man/qvwm.1x
config.status:1113: executing default-1 commands
